<?xml version="1.0" encoding="utf-8" standalone="no"?>
<!--This file represents the results of running a test suite-->
<test-results name="D:\Users\saxel\ITI\PI\BirdHouse-Battle\BirdHouse_Battle\BirdHouse_Battle.UnitTests\bin\Debug\net461\BirdHouse_Battle.UnitTests.dll" total="1" errors="0" failures="0" not-run="0" inconclusive="0" ignored="0" skipped="0" invalid="0" date="2018-10-31" time="11:52:12">
  <environment nunit-version="2.6.4.14350" clr-version="4.0.30319.42000" os-version="Microsoft Windows NT 6.2.9200.0" platform="Win32NT" cwd="D:\Users\saxel\ITI\PI\BirdHouse-Battle\BirdHouse_Battle\BirdHouse_Battle.UnitTests\bin\Debug\net461" machine-name="LEGION-OF-LEXA" user="saxel" user-domain="LEGION-OF-LEXA" />
  <culture-info current-culture="fr-FR" current-uiculture="fr-FR" />
  <test-suite type="Assembly" name="D:\Users\saxel\ITI\PI\BirdHouse-Battle\BirdHouse_Battle\BirdHouse_Battle.UnitTests\bin\Debug\net461\BirdHouse_Battle.UnitTests.dll" executed="True" result="Success" success="True" time="0.134" asserts="0">
    <results>
      <test-suite type="Namespace" name="BirdHouse_Battle" executed="True" result="Success" success="True" time="0.127" asserts="0">
        <results>
          <test-suite type="Namespace" name="UnitTests" executed="True" result="Success" success="True" time="0.127" asserts="0">
            <results>
              <test-suite type="TestFixture" name="TeamTests" executed="True" result="Success" success="True" time="0.126" asserts="0">
                <results>
                  <test-case name="BirdHouse_Battle.UnitTests.TeamTests.team_limit_is_effective" executed="True" result="Success" success="True" time="0.119" asserts="3" />
                </results>
              </test-suite>
            </results>
          </test-suite>
        </results>
      </test-suite>
    </results>
  </test-suite>
</test-results>