<?xml version="1.0" encoding="utf-8" standalone="no"?>
<!--This file represents the results of running a test suite-->
<test-results name="F:\INTECH\SEMESTRE 3\PI\BirdHouse-Battle\BirdHouse_Battle\BirdHouse_Battle.UnitTests\bin\Debug\net461\BirdHouse_Battle.UnitTests.dll" total="1" errors="1" failures="0" not-run="0" inconclusive="0" ignored="0" skipped="0" invalid="0" date="2018-10-24" time="11:30:57">
  <environment nunit-version="2.6.4.14350" clr-version="4.0.30319.42000" os-version="Microsoft Windows NT 6.2.9200.0" platform="Win32NT" cwd="F:\INTECH\SEMESTRE 3\PI\BirdHouse-Battle\BirdHouse_Battle\BirdHouse_Battle.UnitTests\bin\Debug\net461" machine-name="LAPTOP-CK9E0OFE" user="aef52" user-domain="LAPTOP-CK9E0OFE" />
  <culture-info current-culture="fr-FR" current-uiculture="fr-FR" />
  <test-suite type="Assembly" name="F:\INTECH\SEMESTRE 3\PI\BirdHouse-Battle\BirdHouse_Battle\BirdHouse_Battle.UnitTests\bin\Debug\net461\BirdHouse_Battle.UnitTests.dll" executed="True" result="Failure" success="False" time="15.811" asserts="0">
    <results>
      <test-suite type="Namespace" name="BirdHouse_Battle" executed="True" result="Failure" success="False" time="15.785" asserts="0">
        <results>
          <test-suite type="Namespace" name="UnitTests" executed="True" result="Failure" success="False" time="15.763" asserts="0">
            <results>
              <test-suite type="TestFixture" name="UnitTests_Paladin" executed="True" result="Failure" success="False" time="15.659" asserts="0">
                <results>
                  <test-case name="BirdHouse_Battle.UnitTests.UnitTests_Paladin.Try_Update" executed="True" result="Error" success="False" time="15.618" asserts="0">
                    <failure>
                      <message><![CDATA[System.NullReferenceException : La référence d'objet n'est pas définie à une instance d'un objet.]]></message>
                      <stack-trace><![CDATA[à BirdHouse_Battle.Model.Unit.get_InRange()
à BirdHouse_Battle.Model.Paladin.Update()
à BirdHouse_Battle.UnitTests.UnitTests_Paladin.Try_Update()
]]></stack-trace>
                    </failure>
                  </test-case>
                </results>
              </test-suite>
            </results>
          </test-suite>
        </results>
      </test-suite>
    </results>
  </test-suite>
</test-results>