<?xml version="1.0" encoding="utf-8" standalone="no"?>
<!--This file represents the results of running a test suite-->
<test-results name="C:\repos\BirdHouse-Battle\BirdHouse_Battle\BirdHouse_Battle.UnitTests\bin\Debug\net461\BirdHouse_Battle.UnitTests.dll" total="1" errors="0" failures="0" not-run="0" inconclusive="0" ignored="0" skipped="0" invalid="0" date="2018-10-24" time="10:44:23">
  <environment nunit-version="2.6.4.14350" clr-version="4.0.30319.42000" os-version="Microsoft Windows NT 6.2.9200.0" platform="Win32NT" cwd="C:\repos\BirdHouse-Battle\BirdHouse_Battle\BirdHouse_Battle.UnitTests\bin\Debug\net461" machine-name="DESKTOP-7Q13PTV" user="Thibault" user-domain="DESKTOP-7Q13PTV" />
  <culture-info current-culture="fr-FR" current-uiculture="fr-FR" />
  <test-suite type="Assembly" name="C:\repos\BirdHouse-Battle\BirdHouse_Battle\BirdHouse_Battle.UnitTests\bin\Debug\net461\BirdHouse_Battle.UnitTests.dll" executed="True" result="Success" success="True" time="88.843" asserts="0">
    <results>
      <test-suite type="Namespace" name="BirdHouse_Battle" executed="True" result="Success" success="True" time="88.842" asserts="0">
        <results>
          <test-suite type="Namespace" name="UnitTests" executed="True" result="Success" success="True" time="88.842" asserts="0">
            <results>
              <test-suite type="TestFixture" name="ArenaTests" executed="True" result="Success" success="True" time="88.842" asserts="0">
                <results>
                  <test-case name="BirdHouse_Battle.UnitTests.ArenaTests.Aquire_a_target" executed="True" result="Success" success="True" time="88.839" asserts="2" />
                </results>
              </test-suite>
            </results>
          </test-suite>
        </results>
      </test-suite>
    </results>
  </test-suite>
</test-results>