<?xml version="1.0" encoding="utf-8" standalone="no"?>
<!--This file represents the results of running a test suite-->
<test-results name="C:\wamp64\www\BirdHouse-Battle\BirdHouse_Battle\BirdHouse_Battle.UnitTests\bin\Debug\net461\BirdHouse_Battle.UnitTests.dll" total="18" errors="1" failures="0" not-run="0" inconclusive="0" ignored="0" skipped="0" invalid="0" date="2018-10-18" time="11:39:37">
  <environment nunit-version="2.6.4.14350" clr-version="4.0.30319.42000" os-version="Microsoft Windows NT 6.2.9200.0" platform="Win32NT" cwd="C:\wamp64\www\BirdHouse-Battle\BirdHouse_Battle\BirdHouse_Battle.UnitTests\bin\Debug\net461" machine-name="LAPTOP-CK9E0OFE" user="aef52" user-domain="LAPTOP-CK9E0OFE" />
  <culture-info current-culture="fr-FR" current-uiculture="fr-FR" />
  <test-suite type="Assembly" name="C:\wamp64\www\BirdHouse-Battle\BirdHouse_Battle\BirdHouse_Battle.UnitTests\bin\Debug\net461\BirdHouse_Battle.UnitTests.dll" executed="True" result="Failure" success="False" time="0.332" asserts="0">
    <results>
      <test-suite type="Namespace" name="BirdHouse_Battle" executed="True" result="Failure" success="False" time="0.321" asserts="0">
        <results>
          <test-suite type="Namespace" name="UnitTests" executed="True" result="Failure" success="False" time="0.321" asserts="0">
            <results>
              <test-suite type="TestFixture" name="UnitTests_Archer" executed="True" result="Success" success="True" time="0.117" asserts="0">
                <results>
                  <test-case name="BirdHouse_Battle.UnitTests.UnitTests_Archer.Try_Die" executed="True" result="Success" success="True" time="0.038" asserts="3" />
                  <test-case name="BirdHouse_Battle.UnitTests.UnitTests_Archer.Try_InRange" executed="True" result="Success" success="True" time="0.002" asserts="42" />
                  <test-case name="BirdHouse_Battle.UnitTests.UnitTests_Archer.Try_New_Direction" executed="True" result="Success" success="True" time="0.009" asserts="1" />
                  <test-case name="BirdHouse_Battle.UnitTests.UnitTests_Archer.Try_Take_Damages" executed="True" result="Success" success="True" time="0.044" asserts="5" />
                </results>
              </test-suite>
              <test-suite type="TestFixture" name="UnitTests_Gobelin" executed="True" result="Success" success="True" time="0.042" asserts="0">
                <results>
                  <test-case name="BirdHouse_Battle.UnitTests.UnitTests_Gobelin.Try_Die" executed="True" result="Success" success="True" time="0.001" asserts="3" />
                  <test-case name="BirdHouse_Battle.UnitTests.UnitTests_Gobelin.Try_InRange" executed="True" result="Success" success="True" time="0.001" asserts="42" />
                  <test-case name="BirdHouse_Battle.UnitTests.UnitTests_Gobelin.Try_New_Direction" executed="True" result="Success" success="True" time="0.001" asserts="1" />
                  <test-case name="BirdHouse_Battle.UnitTests.UnitTests_Gobelin.Try_Take_Damages" executed="True" result="Success" success="True" time="0.032" asserts="5" />
                </results>
              </test-suite>
              <test-suite type="TestFixture" name="UnitTests_Paladin" executed="True" result="Success" success="True" time="0.040" asserts="0">
                <results>
                  <test-case name="BirdHouse_Battle.UnitTests.UnitTests_Paladin.Try_Die" executed="True" result="Success" success="True" time="0.001" asserts="3" />
                  <test-case name="BirdHouse_Battle.UnitTests.UnitTests_Paladin.Try_InRange" executed="True" result="Success" success="True" time="0.001" asserts="42" />
                  <test-case name="BirdHouse_Battle.UnitTests.UnitTests_Paladin.Try_New_Direction" executed="True" result="Success" success="True" time="0.001" asserts="1" />
                  <test-case name="BirdHouse_Battle.UnitTests.UnitTests_Paladin.Try_Take_Damages" executed="True" result="Success" success="True" time="0.031" asserts="5" />
                </results>
              </test-suite>
              <test-suite type="TestFixture" name="UnitTests_Unit" executed="True" result="Failure" success="False" time="0.081" asserts="0">
                <results>
                  <test-case name="BirdHouse_Battle.UnitTests.UnitTests_Unit.Nearest_Enemy" executed="True" result="Error" success="False" time="0.081" asserts="0">
                    <failure>
                      <message><![CDATA[System.ArgumentNullException : La valeur ne peut pas être null.]]></message>
                      <stack-trace><![CDATA[à BirdHouse_Battle.UnitTests.UnitTests_Unit.Nearest_Enemy()
]]></stack-trace>
                    </failure>
                  </test-case>
                </results>
              </test-suite>
              <test-suite type="TestFixture" name="UnitTests_Vector" executed="True" result="Success" success="True" time="0.013" asserts="0">
                <results>
                  <test-case name="BirdHouse_Battle.UnitTests.UnitTests_Vector.Add_Test" executed="True" result="Success" success="True" time="0.001" asserts="2" />
                  <test-case name="BirdHouse_Battle.UnitTests.UnitTests_Vector.Effect_Var_To_X_And_Y" executed="True" result="Success" success="True" time="0.001" asserts="10" />
                  <test-case name="BirdHouse_Battle.UnitTests.UnitTests_Vector.Magnitude_Test" executed="True" result="Success" success="True" time="0.000" asserts="1" />
                  <test-case name="BirdHouse_Battle.UnitTests.UnitTests_Vector.Mutiply_Test" executed="True" result="Success" success="True" time="0.001" asserts="2" />
                  <test-case name="BirdHouse_Battle.UnitTests.UnitTests_Vector.Soustract_Test" executed="True" result="Success" success="True" time="0.000" asserts="2" />
                </results>
              </test-suite>
            </results>
          </test-suite>
        </results>
      </test-suite>
    </results>
  </test-suite>
</test-results>