<?xml version="1.0" encoding="utf-8" standalone="no"?>
<!--This file represents the results of running a test suite-->
<test-results name="D:\Users\saxel\ITI\PI\BirdHouse-Battle\BirdHouse_Battle\BirdHouse_Battle.UnitTests\bin\Debug\net461\BirdHouse_Battle.UnitTests.dll" total="7" errors="0" failures="0" not-run="0" inconclusive="0" ignored="0" skipped="0" invalid="0" date="2018-10-19" time="09:53:38">
  <environment nunit-version="2.6.4.14350" clr-version="4.0.30319.42000" os-version="Microsoft Windows NT 6.2.9200.0" platform="Win32NT" cwd="D:\Users\saxel\ITI\PI\BirdHouse-Battle\BirdHouse_Battle\BirdHouse_Battle.UnitTests\bin\Debug\net461" machine-name="LEGION-OF-LEXA" user="saxel" user-domain="LEGION-OF-LEXA" />
  <culture-info current-culture="fr-FR" current-uiculture="fr-FR" />
  <test-suite type="Assembly" name="D:\Users\saxel\ITI\PI\BirdHouse-Battle\BirdHouse_Battle\BirdHouse_Battle.UnitTests\bin\Debug\net461\BirdHouse_Battle.UnitTests.dll" executed="True" result="Success" success="True" time="0.077" asserts="0">
    <results>
      <test-suite type="Namespace" name="BirdHouse_Battle" executed="True" result="Success" success="True" time="0.068" asserts="0">
        <results>
          <test-suite type="Namespace" name="UnitTests" executed="True" result="Success" success="True" time="0.066" asserts="0">
            <results>
              <test-suite type="TestFixture" name="TeamTests" executed="True" result="Success" success="True" time="0.065" asserts="0">
                <results>
                  <test-case name="BirdHouse_Battle.UnitTests.TeamTests.add_a_goblin" executed="True" result="Success" success="True" time="0.028" asserts="1" />
                  <test-case name="BirdHouse_Battle.UnitTests.TeamTests.add_a_paladin" executed="True" result="Success" success="True" time="0.000" asserts="1" />
                  <test-case name="BirdHouse_Battle.UnitTests.TeamTests.add_an_archer" executed="True" result="Success" success="True" time="0.000" asserts="1" />
                  <test-case name="BirdHouse_Battle.UnitTests.TeamTests.archer_count_is_exact" executed="True" result="Success" success="True" time="0.007" asserts="1" />
                  <test-case name="BirdHouse_Battle.UnitTests.TeamTests.gold_calculation" executed="True" result="Success" success="True" time="0.002" asserts="2" />
                  <test-case name="BirdHouse_Battle.UnitTests.TeamTests.remove_unit_from_team" executed="True" result="Success" success="True" time="0.001" asserts="3" />
                  <test-case name="BirdHouse_Battle.UnitTests.TeamTests.unit_count_is_exact" executed="True" result="Success" success="True" time="0.000" asserts="1" />
                </results>
              </test-suite>
            </results>
          </test-suite>
        </results>
      </test-suite>
    </results>
  </test-suite>
</test-results>