<?xml version="1.0" encoding="utf-8" standalone="no"?>
<!--This file represents the results of running a test suite-->
<<<<<<< HEAD
<test-results name="C:\wamp64\www\BirdHouse-Battle\BirdHouse_Battle\BirdHouse_Battle.UnitTests\bin\Debug\net461\BirdHouse_Battle.UnitTests.dll" total="30" errors="1" failures="0" not-run="0" inconclusive="0" ignored="0" skipped="0" invalid="0" date="2018-10-22" time="08:58:10">
  <environment nunit-version="2.6.4.14350" clr-version="4.0.30319.42000" os-version="Microsoft Windows NT 6.2.9200.0" platform="Win32NT" cwd="C:\wamp64\www\BirdHouse-Battle\BirdHouse_Battle\BirdHouse_Battle.UnitTests\bin\Debug\net461" machine-name="LAPTOP-CK9E0OFE" user="aef52" user-domain="LAPTOP-CK9E0OFE" />
  <culture-info current-culture="fr-FR" current-uiculture="fr-FR" />
  <test-suite type="Assembly" name="C:\wamp64\www\BirdHouse-Battle\BirdHouse_Battle\BirdHouse_Battle.UnitTests\bin\Debug\net461\BirdHouse_Battle.UnitTests.dll" executed="True" result="Failure" success="False" time="0.958" asserts="0">
    <results>
      <test-suite type="Namespace" name="BirdHouse_Battle" executed="True" result="Failure" success="False" time="0.949" asserts="0">
        <results>
          <test-suite type="Namespace" name="UnitTests" executed="True" result="Failure" success="False" time="0.949" asserts="0">
            <results>
              <test-suite type="TestFixture" name="ArenaTests" executed="True" result="Success" success="True" time="0.468" asserts="0">
                <results>
                  <test-case name="BirdHouse_Battle.UnitTests.ArenaTests.Aquire_a_target" executed="True" result="Success" success="True" time="0.025" asserts="0" />
                  <test-case name="BirdHouse_Battle.UnitTests.ArenaTests.create_team" executed="True" result="Success" success="True" time="0.165" asserts="2" />
                  <test-case name="BirdHouse_Battle.UnitTests.ArenaTests.remove_team" executed="True" result="Success" success="True" time="0.127" asserts="3" />
                  <test-case name="BirdHouse_Battle.UnitTests.ArenaTests.Spawn_unit" executed="True" result="Success" success="True" time="0.000" asserts="0" />
                </results>
              </test-suite>
              <test-suite type="TestFixture" name="TeamTests" executed="True" result="Success" success="True" time="0.049" asserts="0">
                <results>
                  <test-case name="BirdHouse_Battle.UnitTests.TeamTests.add_a_goblin" executed="True" result="Success" success="True" time="0.028" asserts="1" />
                  <test-case name="BirdHouse_Battle.UnitTests.TeamTests.add_a_paladin" executed="True" result="Success" success="True" time="0.001" asserts="1" />
                  <test-case name="BirdHouse_Battle.UnitTests.TeamTests.add_an_archer" executed="True" result="Success" success="True" time="0.001" asserts="1" />
                  <test-case name="BirdHouse_Battle.UnitTests.TeamTests.archer_count_is_exact" executed="True" result="Success" success="True" time="0.003" asserts="1" />
                  <test-case name="BirdHouse_Battle.UnitTests.TeamTests.gold_calculation" executed="True" result="Success" success="True" time="0.002" asserts="2" />
                  <test-case name="BirdHouse_Battle.UnitTests.TeamTests.remove_unit_from_team" executed="True" result="Success" success="True" time="0.001" asserts="3" />
                  <test-case name="BirdHouse_Battle.UnitTests.TeamTests.unit_count_is_exact" executed="True" result="Success" success="True" time="0.000" asserts="1" />
                </results>
              </test-suite>
              <test-suite type="TestFixture" name="UnitTests_Archer" executed="True" result="Success" success="True" time="0.043" asserts="0">
                <results>
                  <test-case name="BirdHouse_Battle.UnitTests.UnitTests_Archer.Try_Die" executed="True" result="Success" success="True" time="0.002" asserts="3" />
                  <test-case name="BirdHouse_Battle.UnitTests.UnitTests_Archer.Try_InRange" executed="True" result="Success" success="True" time="0.002" asserts="42" />
                  <test-case name="BirdHouse_Battle.UnitTests.UnitTests_Archer.Try_New_Direction" executed="True" result="Success" success="True" time="0.002" asserts="1" />
                  <test-case name="BirdHouse_Battle.UnitTests.UnitTests_Archer.Try_Take_Damages" executed="True" result="Success" success="True" time="0.031" asserts="5" />
                </results>
              </test-suite>
              <test-suite type="TestFixture" name="UnitTests_Gobelin" executed="True" result="Success" success="True" time="0.040" asserts="0">
                <results>
                  <test-case name="BirdHouse_Battle.UnitTests.UnitTests_Gobelin.Try_Die" executed="True" result="Success" success="True" time="0.000" asserts="3" />
                  <test-case name="BirdHouse_Battle.UnitTests.UnitTests_Gobelin.Try_InRange" executed="True" result="Success" success="True" time="0.001" asserts="42" />
                  <test-case name="BirdHouse_Battle.UnitTests.UnitTests_Gobelin.Try_New_Direction" executed="True" result="Success" success="True" time="0.001" asserts="1" />
                  <test-case name="BirdHouse_Battle.UnitTests.UnitTests_Gobelin.Try_Take_Damages" executed="True" result="Success" success="True" time="0.031" asserts="5" />
                </results>
              </test-suite>
              <test-suite type="TestFixture" name="UnitTests_Paladin" executed="True" result="Success" success="True" time="0.042" asserts="0">
                <results>
                  <test-case name="BirdHouse_Battle.UnitTests.UnitTests_Paladin.Try_Die" executed="True" result="Success" success="True" time="0.000" asserts="3" />
                  <test-case name="BirdHouse_Battle.UnitTests.UnitTests_Paladin.Try_InRange" executed="True" result="Success" success="True" time="0.001" asserts="42" />
                  <test-case name="BirdHouse_Battle.UnitTests.UnitTests_Paladin.Try_New_Direction" executed="True" result="Success" success="True" time="0.001" asserts="1" />
                  <test-case name="BirdHouse_Battle.UnitTests.UnitTests_Paladin.Try_Take_Damages" executed="True" result="Success" success="True" time="0.033" asserts="5" />
                </results>
              </test-suite>
              <test-suite type="TestFixture" name="UnitTests_Unit" executed="True" result="Failure" success="False" time="0.140" asserts="0">
                <results>
                  <test-case name="BirdHouse_Battle.UnitTests.UnitTests_Unit.Die_Null_Context" executed="True" result="Success" success="True" time="0.001" asserts="6" />
                  <test-case name="BirdHouse_Battle.UnitTests.UnitTests_Unit.Nearest_Enemy" executed="True" result="Error" success="False" time="0.136" asserts="0">
                    <failure>
                      <message><![CDATA[System.ArgumentNullException : La valeur ne peut pas être null.]]></message>
                      <stack-trace><![CDATA[à BirdHouse_Battle.UnitTests.UnitTests_Unit.Nearest_Enemy()
]]></stack-trace>
                    </failure>
                  </test-case>
                </results>
              </test-suite>
              <test-suite type="TestFixture" name="UnitTests_Vector" executed="True" result="Success" success="True" time="0.026" asserts="0">
                <results>
                  <test-case name="BirdHouse_Battle.UnitTests.UnitTests_Vector.Add_Test" executed="True" result="Success" success="True" time="0.001" asserts="2" />
                  <test-case name="BirdHouse_Battle.UnitTests.UnitTests_Vector.Effect_Var_To_X_And_Y" executed="True" result="Success" success="True" time="0.001" asserts="10" />
                  <test-case name="BirdHouse_Battle.UnitTests.UnitTests_Vector.Magnitude_Test" executed="True" result="Success" success="True" time="0.001" asserts="1" />
                  <test-case name="BirdHouse_Battle.UnitTests.UnitTests_Vector.Mutiply_Test" executed="True" result="Success" success="True" time="0.009" asserts="2" />
                  <test-case name="BirdHouse_Battle.UnitTests.UnitTests_Vector.Soustract_Test" executed="True" result="Success" success="True" time="0.001" asserts="2" />
=======
<test-results name="C:\repos\BirdHouse-Battle\BirdHouse_Battle\BirdHouse_Battle.UnitTests\bin\Debug\net461\BirdHouse_Battle.UnitTests.dll" total="1" errors="0" failures="0" not-run="0" inconclusive="0" ignored="0" skipped="0" invalid="0" date="2018-10-22" time="10:08:17">
  <environment nunit-version="2.6.4.14350" clr-version="4.0.30319.42000" os-version="Microsoft Windows NT 6.2.9200.0" platform="Win32NT" cwd="C:\repos\BirdHouse-Battle\BirdHouse_Battle\BirdHouse_Battle.UnitTests\bin\Debug\net461" machine-name="DESKTOP-7Q13PTV" user="Thibault" user-domain="DESKTOP-7Q13PTV" />
  <culture-info current-culture="fr-FR" current-uiculture="fr-FR" />
  <test-suite type="Assembly" name="C:\repos\BirdHouse-Battle\BirdHouse_Battle\BirdHouse_Battle.UnitTests\bin\Debug\net461\BirdHouse_Battle.UnitTests.dll" executed="True" result="Success" success="True" time="0.077" asserts="0">
    <results>
      <test-suite type="Namespace" name="BirdHouse_Battle" executed="True" result="Success" success="True" time="0.067" asserts="0">
        <results>
          <test-suite type="Namespace" name="UnitTests" executed="True" result="Success" success="True" time="0.066" asserts="0">
            <results>
              <test-suite type="TestFixture" name="ArenaTests" executed="True" result="Success" success="True" time="0.065" asserts="0">
                <results>
                  <test-case name="BirdHouse_Battle.UnitTests.ArenaTests.Aquire_a_target" executed="True" result="Success" success="True" time="0.056" asserts="2" />
>>>>>>> Develop
                </results>
              </test-suite>
            </results>
          </test-suite>
        </results>
      </test-suite>
    </results>
  </test-suite>
</test-results>