<?xml version="1.0" encoding="utf-8" standalone="no"?>
<!--This file represents the results of running a test suite-->
<test-results name="C:\repos\BirdHouse-Battle\BirdHouse_Battle\BirdHouse_Battle.UnitTests\bin\Debug\net461\BirdHouse_Battle.UnitTests.dll" total="1" errors="0" failures="1" not-run="0" inconclusive="0" ignored="0" skipped="0" invalid="0" date="2018-10-23" time="11:04:07">
  <environment nunit-version="2.6.4.14350" clr-version="4.0.30319.42000" os-version="Microsoft Windows NT 6.2.9200.0" platform="Win32NT" cwd="C:\repos\BirdHouse-Battle\BirdHouse_Battle\BirdHouse_Battle.UnitTests\bin\Debug\net461" machine-name="DESKTOP-7Q13PTV" user="Thibault" user-domain="DESKTOP-7Q13PTV" />
  <culture-info current-culture="fr-FR" current-uiculture="fr-FR" />
  <test-suite type="Assembly" name="C:\repos\BirdHouse-Battle\BirdHouse_Battle\BirdHouse_Battle.UnitTests\bin\Debug\net461\BirdHouse_Battle.UnitTests.dll" executed="True" result="Failure" success="False" time="0.044" asserts="0">
    <results>
      <test-suite type="Namespace" name="BirdHouse_Battle" executed="True" result="Failure" success="False" time="0.043" asserts="0">
        <results>
          <test-suite type="Namespace" name="UnitTests" executed="True" result="Failure" success="False" time="0.043" asserts="0">
            <results>
              <test-suite type="TestFixture" name="UnitTests_Unit" executed="True" result="Failure" success="False" time="0.043" asserts="0">
                <results>
                  <test-case name="BirdHouse_Battle.UnitTests.UnitTests_Unit.Nearest_Enemy" executed="True" result="Failure" success="False" time="0.041" asserts="1">
                    <failure>
                      <message><![CDATA[  Expected: <BirdHouse_Battle.Model.Gobelin>
  But was:  <BirdHouse_Battle.Model.Paladin>
]]></message>
                      <stack-trace><![CDATA[à BirdHouse_Battle.UnitTests.UnitTests_Unit.Nearest_Enemy()
]]></stack-trace>
                    </failure>
                  </test-case>
                </results>
              </test-suite>
            </results>
          </test-suite>
        </results>
      </test-suite>
    </results>
  </test-suite>
</test-results>